#
# An unexpected error has been detected by Java Runtime Environment:
#
#  EXCEPTION_ACCESS_VIOLATION (0xc0000005) at pc=0x000000006dc19a94, pid=6084, tid=3464
#
# Java VM: Java HotSpot(TM) 64-Bit Server VM (11.3-b02 mixed mode windows-amd64)
# Problematic frame:
# V  [jvm.dll+0x389a94]
#
# If you would like to submit a bug report, please visit:
#   http://java.sun.com/webapps/bugreport/crash.jsp
#

---------------  T H R E A D  ---------------

Current thread (0x0000000049511c00):  VMThread [stack: 0x0000000049690000,0x0000000049790000] [id=3464]

siginfo: ExceptionCode=0xc0000005, reading address 0x0000000000000000

Registers:
EAX=0x0000000000000000, EBX=0x000000004978f3c0, ECX=0x000000004978f3c0, EDX=0x0000000000000000
ESP=0x000000004978f350, EBP=0x0000000000000184, ESI=0x0000000000000000, EDI=0x000000004978fa60
EIP=0x000000006dc19a94, EFLAGS=0x0000000000010206

Top of Stack: (sp=0x000000004978f350)
0x000000004978f350:   0000000000000025 000000006d95b31c
0x000000004978f360:   000000004978f3c0 0000000000000000
0x000000004978f370:   0000000000000000 000000006d9e42b3
0x000000004978f380:   0000000000000000 000000000000ca00
0x000000004978f390:   00000000091f2348 000000004978fa60
0x000000004978f3a0:   0000000000007fe8 00007ffba4692257
0x000000004978f3b0:   0000000046000164 0000000000000002
0x000000004978f3c0:   000000006dd093b0 0000000000000000
0x000000004978f3d0:   0000000000000000 000000000000000c
0x000000004978f3e0:   000000004978f3b0 0000000000000000
0x000000004978f3f0:   4fffffff4fffffff 000000004fffffff
0x000000004978f400:   0000000002122790 0000000000000000
0x000000004978f410:   000000004a613c00 000000006dca053f
0x000000004978f420:   000000005179f850 000000006d9d5873
0x000000004978f430:   000000004978f4e0 0000000000000001
0x000000004978f440:   0000000000000000 000000004978f510 

Instructions: (pc=0x000000006dc19a94)
0x000000006dc19a84:   ec 20 48 8b 41 08 c7 41 10 00 00 00 00 48 8b d9
0x000000006dc19a94:   48 8b 10 80 7a 12 28 74 22 41 b9 28 00 00 00 4c 


Stack: [0x0000000049690000,0x0000000049790000],  sp=0x000000004978f350,  free space=1020k
Native frames: (J=compiled Java code, j=interpreted, Vv=VM code, C=native code)
V  [jvm.dll+0x389a94]

VM_Operation (0x0000000049c8f750): GetOrSetLocal, mode: safepoint, requested by thread 0x0000000049554800


---------------  P R O C E S S  ---------------

Java Threads: ( => current thread )
  0x000000004a570c00 JavaThread "MongoCleaner1675645468" daemon [_thread_blocked, id=3924, stack(0x000000004d590000,0x000000004d690000)]
  0x000000004a570800 JavaThread "http-apr-8080-exec-10" daemon [_thread_blocked, id=5688, stack(0x00000000539b0000,0x0000000053ab0000)]
  0x000000004a570000 JavaThread "http-apr-8080-exec-9" daemon [_thread_blocked, id=2616, stack(0x0000000053750000,0x0000000053850000)]
  0x000000004a613c00 JavaThread "http-apr-8080-exec-8" daemon [_thread_blocked, id=5868, stack(0x000000004d490000,0x000000004d590000)]
  0x000000004a614800 JavaThread "http-apr-8080-exec-7" daemon [_thread_blocked, id=5544, stack(0x000000004c1c0000,0x000000004c2c0000)]
  0x000000004a615800 JavaThread "http-apr-8080-exec-6" daemon [_thread_blocked, id=2668, stack(0x000000004c0c0000,0x000000004c1c0000)]
  0x000000004a613400 JavaThread "http-apr-8080-exec-5" daemon [_thread_blocked, id=636, stack(0x00000000538b0000,0x00000000539b0000)]
  0x000000004a616000 JavaThread "http-apr-8080-exec-4" daemon [_thread_blocked, id=5756, stack(0x0000000052610000,0x0000000052710000)]
  0x000000004a615000 JavaThread "http-apr-8080-exec-3" daemon [_thread_blocked, id=5332, stack(0x0000000052510000,0x0000000052610000)]
  0x000000004a612800 JavaThread "http-apr-8080-exec-2" daemon [_thread_blocked, id=5148, stack(0x00000000511b0000,0x00000000512b0000)]
  0x000000004a611800 JavaThread "http-apr-8080-exec-1" daemon [_thread_blocked, id=4228, stack(0x00000000510b0000,0x00000000511b0000)]
  0x000000004a612c00 JavaThread "ajp-apr-8009-AsyncTimeout" daemon [_thread_blocked, id=5960, stack(0x0000000050fb0000,0x00000000510b0000)]
  0x000000004a611000 JavaThread "ajp-apr-8009-Acceptor-0" daemon [_thread_in_native, id=2324, stack(0x0000000050eb0000,0x0000000050fb0000)]
  0x000000004a610c00 JavaThread "ajp-apr-8009-Poller" daemon [_thread_blocked, id=1852, stack(0x0000000050db0000,0x0000000050eb0000)]
  0x000000004a60ec00 JavaThread "http-apr-8080-AsyncTimeout" daemon [_thread_blocked, id=5616, stack(0x000000004ec60000,0x000000004ed60000)]
  0x000000004a610400 JavaThread "http-apr-8080-Acceptor-0" daemon [_thread_in_native, id=5140, stack(0x000000004db90000,0x000000004dc90000)]
  0x000000004a612000 JavaThread "http-apr-8080-Sendfile" daemon [_thread_blocked, id=3572, stack(0x000000004da90000,0x000000004db90000)]
  0x000000004a60fc00 JavaThread "http-apr-8080-Poller" daemon [_thread_blocked, id=5588, stack(0x000000004d890000,0x000000004d990000)]
  0x000000004fbc7400 JavaThread "ContainerBackgroundProcessor[StandardEngine[Catalina]]" daemon [_thread_blocked, id=4728, stack(0x000000004d790000,0x000000004d890000)]
  0x000000004fbc6800 JavaThread "FileWatchdog" daemon [_thread_blocked, id=5232, stack(0x000000004d690000,0x000000004d790000)]
  0x000000004fbc5800 JavaThread "Timer-0" daemon [_thread_blocked, id=1660, stack(0x000000004c3c0000,0x000000004c4c0000)]
  0x000000004fbc8c00 JavaThread "Thread-1" daemon [_thread_blocked, id=4076, stack(0x000000004c2c0000,0x000000004c3c0000)]
  0x000000004ab60000 JavaThread "GC Daemon" daemon [_thread_blocked, id=6040, stack(0x000000004be60000,0x000000004bf60000)]
  0x000000004957ec00 JavaThread "Low Memory Detector" daemon [_thread_blocked, id=5888, stack(0x000000004a090000,0x000000004a190000)]
  0x000000000211e800 JavaThread "CompilerThread1" daemon [_thread_blocked, id=708, stack(0x0000000049f90000,0x000000004a090000)]
  0x000000000211a000 JavaThread "CompilerThread0" daemon [_thread_blocked, id=4092, stack(0x0000000049e90000,0x0000000049f90000)]
  0x0000000049561000 JavaThread "JDWP Command Reader" daemon [_thread_in_native, id=5744, stack(0x0000000049d90000,0x0000000049e90000)]
  0x000000004955e800 JavaThread "JDWP Event Helper Thread" daemon [_thread_blocked, id=3952, stack(0x0000000049c90000,0x0000000049d90000)]
  0x0000000049554800 JavaThread "JDWP Transport Listener: dt_socket" daemon [_thread_blocked, id=208, stack(0x0000000049b90000,0x0000000049c90000)]
  0x0000000049521c00 JavaThread "Attach Listener" daemon [_thread_blocked, id=2052, stack(0x0000000049a90000,0x0000000049b90000)]
  0x0000000049521400 JavaThread "Signal Dispatcher" daemon [_thread_blocked, id=3500, stack(0x0000000049990000,0x0000000049a90000)]
  0x0000000002107800 JavaThread "Finalizer" daemon [_thread_blocked, id=4224, stack(0x0000000049890000,0x0000000049990000)]
  0x0000000049512800 JavaThread "Reference Handler" daemon [_thread_blocked, id=2316, stack(0x0000000049790000,0x0000000049890000)]
  0x000000000022e400 JavaThread "main" [_thread_in_native, id=1600, stack(0x0000000001b50000,0x0000000001c50000)]

Other Threads:
=>0x0000000049511c00 VMThread [stack: 0x0000000049690000,0x0000000049790000] [id=3464]
  0x000000004957f000 WatcherThread [stack: 0x000000004a190000,0x000000004a290000] [id=5956]

VM state:at safepoint (normal execution)

VM Mutex/Monitor currently owned by a thread:  ([mutex/lock_event])
[0x000000000022b770] UNKNOWN - owner thread: 0x0000000049511c00

Heap
 PSYoungGen      total 262848K, used 109167K [0x0000000033fd0000, 0x0000000048d20000, 0x0000000048d20000)
  eden space 188416K, 57% used [0x0000000033fd0000,0x000000003aa33da8,0x000000003f7d0000)
  from space 74432K, 0% used [0x00000000441d0000,0x0000000044208000,0x0000000048a80000)
  to   space 75776K, 0% used [0x000000003f7d0000,0x000000003f7d0000,0x00000000441d0000)
 PSOldGen        total 255040K, used 187376K [0x000000000a520000, 0x0000000019e30000, 0x0000000033fd0000)
  object space 255040K, 73% used [0x000000000a520000,0x0000000015c1c378,0x0000000019e30000)
 PSPermGen       total 66560K, used 66387K [0x0000000005120000, 0x0000000009220000, 0x000000000a520000)
  object space 66560K, 99% used [0x0000000005120000,0x00000000091f4ed0,0x0000000009220000)

Dynamic libraries:
0x0000000000400000 - 0x000000000042e000 	D:\MyEclipse 10\Common\binary\com.sun.java.jdk.win32.x86_64_1.6.0.013\bin\javaw.exe
0x00007ffba4650000 - 0x00007ffba47f9000 	C:\Windows\SYSTEM32\ntdll.dll
0x00007ffba2370000 - 0x00007ffba24a9000 	C:\Windows\system32\KERNEL32.DLL
0x00007ffba1a30000 - 0x00007ffba1b3f000 	C:\Windows\system32\KERNELBASE.dll
0x00007ffba0110000 - 0x00007ffba019b000 	C:\Windows\system32\apphelp.dll
0x00007ffb90050000 - 0x00007ffb9009f000 	C:\Windows\AppPatch\AppPatch64\AcGenral.DLL
0x00007ffba1cf0000 - 0x00007ffba1d97000 	C:\Windows\system32\msvcrt.dll
0x00007ffba1430000 - 0x00007ffba145b000 	C:\Windows\SYSTEM32\SspiCli.dll
0x00007ffba2260000 - 0x00007ffba22b1000 	C:\Windows\system32\SHLWAPI.dll
0x00007ffba1e00000 - 0x00007ffba1f71000 	C:\Windows\system32\USER32.dll
0x00007ffba2730000 - 0x00007ffba28a6000 	C:\Windows\system32\ole32.dll
0x00007ffba3070000 - 0x00007ffba4480000 	C:\Windows\system32\SHELL32.dll
0x00007ffba0c60000 - 0x00007ffba0c7f000 	C:\Windows\SYSTEM32\USERENV.dll
0x00007ffba2e90000 - 0x00007ffba2f35000 	C:\Windows\system32\ADVAPI32.dll
0x00007ffb91ca0000 - 0x00007ffb91cbb000 	C:\Windows\SYSTEM32\MPR.dll
0x00007ffba4480000 - 0x00007ffba45b6000 	C:\Windows\system32\RPCRT4.dll
0x00007ffba1da0000 - 0x00007ffba1df7000 	C:\Windows\SYSTEM32\sechost.dll
0x00007ffba24b0000 - 0x00007ffba2687000 	C:\Windows\SYSTEM32\combase.dll
0x00007ffba20d0000 - 0x00007ffba2215000 	C:\Windows\system32\GDI32.dll
0x00007ffba1600000 - 0x00007ffba1614000 	C:\Windows\SYSTEM32\profapi.dll
0x00007ffb9f9a0000 - 0x00007ffb9fa41000 	C:\Windows\SYSTEM32\SHCORE.dll
0x00007ffba2220000 - 0x00007ffba2254000 	C:\Windows\system32\IMM32.DLL
0x00007ffba1f80000 - 0x00007ffba20b8000 	C:\Windows\system32\MSCTF.dll
0x000000006d890000 - 0x000000006de48000 	D:\MyEclipse 10\Common\binary\com.sun.java.jdk.win32.x86_64_1.6.0.013\jre\bin\server\jvm.dll
0x00007ffba1a10000 - 0x00007ffba1a2f000 	C:\Windows\system32\WINMM.dll
0x00007ffba16e0000 - 0x00007ffba170a000 	C:\Windows\system32\WINMMBASE.dll
0x00007ffba19c0000 - 0x00007ffba1a0a000 	C:\Windows\SYSTEM32\cfgmgr32.dll
0x00007ffba16b0000 - 0x00007ffba16d6000 	C:\Windows\system32\DEVOBJ.dll
0x000000006d3b0000 - 0x000000006d3ba000 	D:\MyEclipse 10\Common\binary\com.sun.java.jdk.win32.x86_64_1.6.0.013\jre\bin\hpi.dll
0x00007ffba3060000 - 0x00007ffba3067000 	C:\Windows\system32\PSAPI.DLL
0x000000006d4c0000 - 0x000000006d4f4000 	D:\MyEclipse 10\Common\binary\com.sun.java.jdk.win32.x86_64_1.6.0.013\jre\bin\jdwp.dll
0x000000006d6d0000 - 0x000000006d6d8000 	D:\MyEclipse 10\Common\binary\com.sun.java.jdk.win32.x86_64_1.6.0.013\jre\bin\npt.dll
0x000000006d800000 - 0x000000006d80e000 	D:\MyEclipse 10\Common\binary\com.sun.java.jdk.win32.x86_64_1.6.0.013\jre\bin\verify.dll
0x000000006d450000 - 0x000000006d477000 	D:\MyEclipse 10\Common\binary\com.sun.java.jdk.win32.x86_64_1.6.0.013\jre\bin\java.dll
0x000000006d850000 - 0x000000006d862000 	D:\MyEclipse 10\Common\binary\com.sun.java.jdk.win32.x86_64_1.6.0.013\jre\bin\zip.dll
0x000000006d310000 - 0x000000006d319000 	D:\MyEclipse 10\Common\binary\com.sun.java.jdk.win32.x86_64_1.6.0.013\jre\bin\dt_socket.dll
0x00007ffba2f40000 - 0x00007ffba2f98000 	C:\Windows\system32\WS2_32.dll
0x00007ffba20c0000 - 0x00007ffba20c9000 	C:\Windows\system32\NSI.dll
0x00007ffb90ef0000 - 0x00007ffb90f04000 	C:\Windows\system32\napinsp.dll
0x00007ffb90f10000 - 0x00007ffb90f29000 	C:\Windows\system32\pnrpnsp.dll
0x00007ffb9fa50000 - 0x00007ffb9fa69000 	C:\Windows\system32\NLAapi.dll
0x00007ffba0eb0000 - 0x00007ffba0f08000 	C:\Windows\System32\mswsock.dll
0x00007ffba0cc0000 - 0x00007ffba0d63000 	C:\Windows\SYSTEM32\DNSAPI.dll
0x00007ffb911a0000 - 0x00007ffb911ac000 	C:\Windows\System32\winrnr.dll
0x00007ffba05d0000 - 0x00007ffba074a000 	C:\Program Files (x86)\Sangfor\SSL\ClientComponent\SangforTcpX64.dll
0x00007ffba2fa0000 - 0x00007ffba3057000 	C:\Windows\system32\OLEAUT32.dll
0x00007ffba05c0000 - 0x00007ffba05ca000 	C:\Windows\SYSTEM32\VERSION.dll
0x00007ffba1970000 - 0x00007ffba19be000 	C:\Windows\system32\WINTRUST.dll
0x00007ffba1740000 - 0x00007ffba1917000 	C:\Windows\system32\CRYPT32.dll
0x00007ffba1710000 - 0x00007ffba1722000 	C:\Windows\system32\MSASN1.dll
0x00007ffb9b930000 - 0x00007ffb9b997000 	C:\Windows\System32\fwpuclnt.dll
0x00007ffb9a3e0000 - 0x00007ffb9a3e9000 	C:\Windows\System32\rasadhlp.dll
0x000000006d5e0000 - 0x000000006d5ea000 	D:\MyEclipse 10\Common\binary\com.sun.java.jdk.win32.x86_64_1.6.0.013\jre\bin\management.dll
0x0000000180000000 - 0x000000018018c000 	D:\apache-tomcat-7.0.52\bin\tcnative-1.dll
0x00007ffba0f10000 - 0x00007ffba0f2e000 	C:\Windows\SYSTEM32\CRYPTSP.dll
0x00007ffba0b50000 - 0x00007ffba0b85000 	C:\Windows\system32\rsaenh.dll
0x00007ffba1160000 - 0x00007ffba1186000 	C:\Windows\SYSTEM32\bcrypt.dll
0x00007ffba14c0000 - 0x00007ffba14ca000 	C:\Windows\SYSTEM32\CRYPTBASE.dll
0x00007ffba1460000 - 0x00007ffba14be000 	C:\Windows\SYSTEM32\bcryptPrimitives.dll
0x000000006d6a0000 - 0x000000006d6b7000 	D:\MyEclipse 10\Common\binary\com.sun.java.jdk.win32.x86_64_1.6.0.013\jre\bin\net.dll
0x00007ffb9ca40000 - 0x00007ffb9ca69000 	C:\Windows\SYSTEM32\IPHLPAPI.DLL
0x00007ffb9ca20000 - 0x00007ffb9ca2a000 	C:\Windows\SYSTEM32\WINNSI.DLL
0x00007ffb9b8c0000 - 0x00007ffb9b8d4000 	C:\Windows\SYSTEM32\dhcpcsvc6.DLL
0x00007ffb9b8a0000 - 0x00007ffb9b8b9000 	C:\Windows\SYSTEM32\dhcpcsvc.DLL

VM Arguments:
jvm_args: -agentlib:jdwp=transport=dt_socket,suspend=y,address=localhost:49672 -Dcatalina.home=D:\apache-tomcat-7.0.52 -Dcatalina.base=D:\apache-tomcat-7.0.52 -Djava.endorsed.dirs=D:\apache-tomcat-7.0.52/common/endorsed -Djava.io.tmpdir=D:\apache-tomcat-7.0.52\temp -Djava.library.path=D:\MyEclipse 10\Common\binary\com.sun.java.jdk.win32.x86_64_1.6.0.013\bin;D:\apache-tomcat-7.0.52\bin -Dsun.io.useCanonCaches=false 
java_command: org.apache.catalina.startup.Bootstrap start
Launcher Type: SUN_STANDARD

Environment Variables:
JAVA_HOME=C:\Program Files (x86)\Java\jdk1.6.0_24
CLASSPATH=.;C:\Program Files (x86)\Java\jdk1.6.0_24\lib\dt.jar;C:\Program Files (x86)\Java\jdk1.6.0_24\lib\tools.jar;D:\apache-tomcat-6.0.36\lib\servlet-api.jar;D:\apache-tomcat-6.0.36\lib\jsp-api.jar;
PATH=D:\MyEclipse 10\Common\binary\com.sun.java.jdk.win32.x86_64_1.6.0.013\jre\bin;D:\oracle\product\10.2.0\db_1\bin;C:\Program Files (x86)\AMD APP\bin\x86_64;C:\Program Files (x86)\AMD APP\bin\x86;C:\Program Files (x86)\Intel\iCLS Client\;C:\Program Files\Intel\iCLS Client\;C:\Windows\system32;C:\Windows;C:\Windows\System32\Wbem;C:\Windows\System32\WindowsPowerShell\v1.0\;C:\Program Files\Intel\Intel(R) Management Engine Components\DAL;C:\Program Files\Intel\Intel(R) Management Engine Components\IPT;C:\Program Files (x86)\Intel\Intel(R) Management Engine Components\DAL;C:\Program Files (x86)\Intel\Intel(R) Management Engine Components\IPT;C:\Program Files (x86)\Intel\OpenCL SDK\2.0\bin\x86;C:\Program Files (x86)\Intel\OpenCL SDK\2.0\bin\x64;C:\Program Files (x86)\ATI Technologies\ATI.ACE\Core-Static;C:\Program Files\TortoiseSVN\bin;C:\Program Files (x86)\Java\jdk1.6.0_24\bin;C:\Program Files (x86)\Java\jdk1.6.0_24\jre\bin
USERNAME=ZHF
OS=Windows_NT
PROCESSOR_IDENTIFIER=Intel64 Family 6 Model 58 Stepping 9, GenuineIntel



---------------  S Y S T E M  ---------------

OS: Windows NT 6.2 Build 9200 

CPU:total 4 (8 cores per cpu, 2 threads per core) family 6 model 10 stepping 9, cmov, cx8, fxsr, mmx, sse, sse2, sse3, ssse3, ht

Memory: 4k page, physical 4090216k(1084860k free), swap 6711656k(2800116k free)

vm_info: Java HotSpot(TM) 64-Bit Server VM (11.3-b02) for windows-amd64 JRE (1.6.0_13-b03), built on Mar  9 2009 10:50:19 by "java_re" with MS VC++ 8.0

time: Wed Jul 08 10:39:47 2015
elapsed time: 2690 seconds

