2015-03-16 15:50:13    2015-03-16日处理，从track_z66_2_Form_26开始
2015-03-16 15:50:34    2015-03-16track_BX2Form_34，完成
2015-03-16 15:50:44    2015-03-16track_z67_2_Form_34，完成
2015-03-16 15:50:45    2015-03-16日处理结束
2015-03-16 15:54:48    2015-03-16日处理，从track_z66_2_Form_26开始
2015-03-16 16:28:36    2015-03-16track_BX2Form_34，完成
2015-03-16 16:28:36    2015-03-16track_z67_2_Form_34，完成
2015-03-16 16:28:36    2015-03-16日处理结束
2015-03-16 16:31:40    2015-03-16日处理，从track_z66_2_Form_26开始
2015-03-16 16:49:41    2015-03-16track_BX2Form_34，完成
2015-03-16 16:49:41    2015-03-16track_z67_2_Form_34，完成
2015-03-16 16:49:41    2015-03-16日处理结束
2015-03-17 16:31:37    2015-03-17日处理，从track_z66_2_Form_26开始
2015-03-17 16:31:57    2015-03-17track_BX2Form_34，完成
2015-03-17 16:32:16    2015-03-17track_z67_2_Form_34，完成
2015-03-17 16:32:16    2015-03-17日处理结束
2015-03-18 16:31:11    2015-03-18日处理，从track_z66_2_Form_26开始
2015-03-18 16:32:23    2015-03-18track_BX2Form_34，完成
2015-03-18 16:32:43    2015-03-18track_z67_2_Form_34，完成
2015-03-18 16:32:51    2015-03-18日处理结束
2015-03-19 16:32:54    2015-03-19日处理，从track_z66_2_Form_26开始
2015-03-19 16:33:05    2015-03-19track_BX2Form_34，完成
2015-03-19 16:33:06    2015-03-19track_z67_2_Form_34，完成
2015-03-19 16:33:06    2015-03-19日处理结束
2015-03-21 16:31:01    2015-03-21日处理，从track_z66_2_Form_26开始
2015-03-21 16:31:05    2015-03-21track_BX2Form_34，完成
2015-03-21 16:31:05    2015-03-21track_z67_2_Form_34，完成
2015-03-21 16:31:05    2015-03-21日处理结束
2015-03-22 16:53:13    2015-03-22日处理，从track_z66_2_Form_26开始
2015-03-22 16:53:20    2015-03-22track_BX2Form_34，完成
2015-03-22 16:53:20    2015-03-22track_z67_2_Form_34，完成
2015-03-22 16:53:20    2015-03-22日处理结束
2015-03-23 16:31:25    2015-03-23日处理，从track_z66_2_Form_26开始
2015-03-23 16:31:25    2015-03-23track_BX2Form_34，完成
2015-03-23 16:31:25    2015-03-23track_z67_2_Form_34，完成
2015-03-23 16:31:25    2015-03-23日处理结束
2015-03-24 16:31:56    2015-03-24日处理，从track_z66_2_Form_26开始
2015-03-24 16:32:01    2015-03-24track_BX2Form_34，完成
2015-03-24 16:32:02    2015-03-24track_z67_2_Form_34，完成
2015-03-24 16:32:02    2015-03-24日处理结束
2015-03-25 16:31:38    2015-03-25日处理，从track_z66_2_Form_26开始
2015-03-25 16:31:41    2015-03-25track_BX2Form_34，完成
2015-03-25 16:31:42    2015-03-25track_z67_2_Form_34，完成
2015-03-25 16:31:42    2015-03-25日处理结束
2015-03-26 16:31:23    2015-03-26日处理，从track_z66_2_Form_26开始
2015-03-26 16:31:33    2015-03-26track_BX2Form_34，完成
2015-03-26 16:31:35    2015-03-26track_z67_2_Form_34，完成
2015-03-26 16:31:35    2015-03-26日处理结束
2015-03-28 16:32:20    2015-03-28日处理，从track_z66_2_Form_26开始
2015-03-28 16:33:30    2015-03-28track_BX2Form_34，完成
2015-03-28 16:45:12    2015-03-28track_z67_2_Form_34，完成
2015-03-28 16:45:12    2015-03-28日处理结束
2015-03-29 16:31:54    2015-03-29日处理，从track_z66_2_Form_26开始
2015-03-29 16:31:58    2015-03-29track_BX2Form_34，完成
2015-03-29 16:31:58    2015-03-29track_z67_2_Form_34，完成
2015-03-29 16:31:58    2015-03-29日处理结束
2015-03-30 16:31:19    2015-03-30日处理，从track_z66_2_Form_26开始
2015-03-30 16:31:19    2015-03-30track_BX2Form_34，完成
2015-03-30 16:31:25    2015-03-30track_z67_2_Form_34，完成
2015-03-30 16:31:27    2015-03-30日处理结束
2015-03-31 16:31:31    2015-03-31日处理，从track_z66_2_Form_26开始
2015-03-31 16:31:36    2015-03-31track_BX2Form_34，完成
2015-03-31 16:31:36    2015-03-31track_z67_2_Form_34，完成
2015-03-31 16:31:36    2015-03-31日处理结束
2015-03-31 22:57:57    2015-03-31日处理，从track_z66_2_Form_26开始
2015-03-31 23:10:52    2015-03-31日处理，从track_z66_2_Form_26开始
2015-03-31 23:10:52    2015-03-31track_BX2Form_34，完成
2015-03-31 23:10:54    2015-03-31track_z67_2_Form_34，完成
2015-03-31 23:10:54    2015-03-31日处理结束
2015-03-31 23:14:52    2015-03-31日处理，从track_z66_2_Form_26开始
2015-03-31 23:17:33    2015-03-31track_BX2Form_34，完成
2015-03-31 23:17:33    2015-03-31track_z67_2_Form_34，完成
2015-03-31 23:17:33    2015-03-31日处理结束
2015-03-31 23:20:33    2015-03-31日处理，从track_z66_2_Form_26开始
2015-03-31 23:24:43    2015-03-31track_BX2Form_34，完成
2015-03-31 23:24:43    2015-03-31track_z67_2_Form_34，完成
2015-03-31 23:24:43    2015-03-31日处理结束
2015-03-31 23:44:43    2015-03-31日处理，从track_z66_2_Form_26开始
2015-03-31 23:44:43    2015-03-31track_BX2Form_34，完成
2015-03-31 23:44:43    2015-03-31track_z67_2_Form_34，完成
2015-03-31 23:44:43    2015-03-31日处理结束
2015-03-31 23:48:00    2015-03-31日处理，从track_z66_2_Form_26开始
2015-03-31 23:48:01    2015-03-31track_BX2Form_34，完成
2015-03-31 23:48:02    2015-03-31track_z67_2_Form_34，完成
2015-03-31 23:48:02    2015-03-31日处理结束
2015-03-31 23:51:00    2015-03-31日处理，从track_z66_2_Form_26开始
2015-03-31 23:53:24    2015-03-31日处理，从track_z66_2_Form_26开始
2015-04-01 00:02:11    2015-04-01track_BX2Form_34，完成
2015-04-01 00:02:13    2015-04-01track_z67_2_Form_34，完成
2015-04-01 00:02:13    2015-04-01日处理结束
2015-04-01 00:04:13    2015-04-01日处理，从track_z66_2_Form_26开始
2015-04-01 00:17:25    2015-04-01track_BX2Form_34，完成
2015-04-01 00:17:26    2015-04-01track_z67_2_Form_34，完成
2015-04-01 00:17:26    2015-04-01日处理结束
2015-04-01 01:30:26    2015-04-01日处理，从track_z66_2_Form_26开始
2015-04-01 01:30:27    2015-04-01track_BX2Form_34，完成
2015-04-01 01:30:27    2015-04-01track_z67_2_Form_34，完成
2015-04-01 01:30:27    2015-04-01日处理结束
2015-04-02 00:04:29    2015-04-02日处理，从track_z66_2_Form_26开始
2015-04-02 00:04:29    2015-04-02track_BX2Form_34，完成
2015-04-02 00:04:30    2015-04-02track_z67_2_Form_34，完成
2015-04-02 00:04:30    2015-04-02日处理结束
2015-04-02 01:30:29    2015-04-02日处理，从track_z66_2_Form_26开始
2015-04-02 01:30:29    2015-04-02track_BX2Form_34，完成
2015-04-02 01:30:30    2015-04-02track_z67_2_Form_34，完成
2015-04-02 01:30:30    2015-04-02日处理结束
2015-04-03 00:04:55    2015-04-03日处理，从track_z66_2_Form_26开始
2015-04-03 00:04:55    2015-04-03track_BX2Form_34，完成
2015-04-03 00:04:55    2015-04-03track_z67_2_Form_34，完成
2015-04-03 00:04:55    2015-04-03日处理结束
2015-04-03 01:30:12    2015-04-03日处理，从track_z66_2_Form_26开始
2015-04-03 01:30:12    2015-04-03track_BX2Form_34，完成
2015-04-03 01:30:12    2015-04-03track_z67_2_Form_34，完成
2015-04-03 01:30:12    2015-04-03日处理结束
2015-04-03 21:20:16    2015-04-03日处理，从track_z66_2_Form_26开始
2015-04-03 21:20:18    2015-04-03track_BX2Form_34，完成
2015-04-03 21:20:20    2015-04-03track_z67_2_Form_34，完成
2015-04-03 21:20:20    2015-04-03日处理结束
2015-04-03 21:21:16    2015-04-03日处理，从track_z66_2_Form_26开始
2015-04-03 21:21:17    2015-04-03track_BX2Form_34，完成
2015-04-03 21:21:17    2015-04-03track_z67_2_Form_34，完成
2015-04-03 21:21:17    2015-04-03日处理结束
2015-04-03 21:22:16    2015-04-03日处理，从track_z66_2_Form_26开始
2015-04-03 21:22:17    2015-04-03track_BX2Form_34，完成
2015-04-03 21:22:17    2015-04-03track_z67_2_Form_34，完成
2015-04-03 21:22:17    2015-04-03日处理结束
2015-04-04 01:30:03    2015-04-04日处理，从track_z66_2_Form_26开始
2015-04-04 01:30:04    2015-04-04日处理报错:null
2015-04-04 01:30:04    2015-04-04日处理结束
2015-04-04 21:22:19    2015-04-04日处理，从track_z66_2_Form_26开始
2015-04-04 21:22:19    2015-04-04日处理报错:null
2015-04-04 21:22:19    2015-04-04日处理结束
2015-04-06 21:22:49    2015-04-06日处理，从track_z66_2_Form_26开始
2015-04-06 21:22:49    2015-04-06日处理报错:null
2015-04-06 21:22:49    2015-04-06日处理结束
2015-04-07 21:22:36    2015-04-07日处理，从track_z66_2_Form_26开始
2015-04-07 21:22:36    2015-04-07日处理报错:null
2015-04-07 21:22:36    2015-04-07日处理结束
2015-04-08 21:22:24    2015-04-08日处理，从track_z66_2_Form_26开始
2015-04-08 21:22:24    2015-04-08日处理报错:null
2015-04-08 21:22:24    2015-04-08日处理结束
2015-04-10 21:22:05    2015-04-10日处理，从track_z66_2_Form_26开始
2015-04-10 21:22:05    2015-04-10日处理报错:null
2015-04-10 21:22:05    2015-04-10日处理结束
2015-04-12 21:22:27    2015-04-12日处理，从track_z66_2_Form_26开始
2015-04-12 21:22:27    2015-04-12日处理报错:null
2015-04-12 21:22:27    2015-04-12日处理结束
2015-04-13 21:22:45    2015-04-13日处理，从track_z66_2_Form_26开始
2015-04-13 21:22:45    2015-04-13日处理报错:null
2015-04-13 21:22:45    2015-04-13日处理结束
2015-04-14 21:22:03    2015-04-14日处理，从track_z66_2_Form_26开始
2015-04-14 21:22:03    2015-04-14日处理报错:null
2015-04-14 21:22:03    2015-04-14日处理结束
2015-04-14 21:39:38    2015-04-14日处理，从track_z66_2_Form_26开始
2015-04-14 21:47:17    2015-04-14日处理，从track_z66_2_Form_26开始
2015-04-14 22:10:01    2015-04-14track_BX2Form_34，完成
2015-04-14 22:10:02    2015-04-14track_z67_2_Form_34，完成
2015-04-14 22:10:02    2015-04-14日处理结束
2015-04-14 22:11:02    2015-04-14日处理，从track_z66_2_Form_26开始
2015-04-14 22:20:08    2015-04-14track_BX2Form_34，完成
2015-04-14 22:20:08    2015-04-14track_z67_2_Form_34，完成
2015-04-14 22:20:08    2015-04-14日处理结束
2015-04-15 22:11:28    2015-04-15日处理，从track_z66_2_Form_26开始
2015-04-15 22:11:35    2015-04-15track_BX2Form_34，完成
2015-04-15 22:11:35    2015-04-15track_z67_2_Form_34，完成
2015-04-15 22:11:35    2015-04-15日处理结束
2015-04-17 22:11:24    2015-04-17日处理，从track_z66_2_Form_26开始
2015-04-17 22:11:26    2015-04-17track_BX2Form_34，完成
2015-04-17 22:11:26    2015-04-17track_z67_2_Form_34，完成
2015-04-17 22:11:26    2015-04-17日处理结束
2015-04-21 22:11:32    2015-04-21日处理，从track_z66_2_Form_26开始
2015-04-21 22:11:33    2015-04-21track_BX2Form_34，完成
2015-04-21 22:11:33    2015-04-21track_z67_2_Form_34，完成
2015-04-21 22:11:33    2015-04-21日处理结束
2015-04-22 01:30:54    2015-04-22日处理，从track_z66_2_Form_26开始
2015-04-22 01:30:54    2015-04-22日处理报错:null
2015-04-22 01:30:54    2015-04-22日处理结束
2015-04-22 20:16:28    2015-04-22日处理，从track_z66_2_Form_26开始
2015-04-22 20:16:31    2015-04-22track_BX2Form_34，完成
2015-04-22 20:16:31    2015-04-22track_z67_2_Form_34，完成
2015-04-22 20:16:31    2015-04-22日处理结束
2015-04-22 20:34:28    2015-04-22日处理，从track_z66_2_Form_26开始
2015-04-22 20:34:31    2015-04-22track_BX2Form_34，完成
2015-04-22 20:34:31    2015-04-22track_z67_2_Form_34，完成
2015-04-22 20:34:31    2015-04-22日处理结束
2015-04-22 20:38:00    2015-04-22日处理，从track_z66_2_Form_26开始
2015-04-22 20:38:04    2015-04-22track_BX2Form_34，完成
2015-04-22 20:38:06    2015-04-22track_z67_2_Form_34，完成
2015-04-22 20:38:06    2015-04-22日处理结束
2015-04-22 20:38:28    2015-04-22日处理，从track_z66_2_Form_26开始
2015-04-22 20:38:31    2015-04-22track_BX2Form_34，完成
2015-04-22 20:38:31    2015-04-22track_z67_2_Form_34，完成
2015-04-22 20:38:31    2015-04-22日处理结束
2015-04-22 20:38:38    2015-04-22日处理，从track_z66_2_Form_26开始
2015-04-22 20:38:41    2015-04-22track_BX2Form_34，完成
2015-04-22 20:38:41    2015-04-22track_z67_2_Form_34，完成
2015-04-22 20:38:41    2015-04-22日处理结束
2015-04-22 20:56:35    2015-04-22日处理，从track_z66_2_Form_26开始
2015-04-22 20:56:39    2015-04-22track_BX2Form_34，完成
2015-04-22 20:56:39    2015-04-22track_z67_2_Form_34，完成
2015-04-22 20:56:39    2015-04-22日处理结束
2015-04-22 20:57:29    2015-04-22日处理，从track_z66_2_Form_26开始
2015-04-22 20:57:32    2015-04-22track_BX2Form_34，完成
2015-04-22 20:57:32    2015-04-22track_z67_2_Form_34，完成
2015-04-22 20:57:32    2015-04-22日处理结束
2015-04-22 20:58:57    2015-04-22日处理，从track_z66_2_Form_26开始
2015-04-22 20:59:01    2015-04-22track_BX2Form_34，完成
2015-04-22 20:59:01    2015-04-22track_z67_2_Form_34，完成
2015-04-22 20:59:01    2015-04-22日处理结束
2015-04-22 20:59:24    2015-04-22日处理，从track_z66_2_Form_26开始
2015-04-22 20:59:27    2015-04-22track_BX2Form_34，完成
2015-04-22 20:59:27    2015-04-22track_z67_2_Form_34，完成
2015-04-22 20:59:27    2015-04-22日处理结束
2015-04-22 20:59:41    2015-04-22日处理，从track_z66_2_Form_26开始
2015-04-22 20:59:45    2015-04-22track_BX2Form_34，完成
2015-04-22 21:00:18    2015-04-22track_z67_2_Form_34，完成
2015-04-22 21:00:18    2015-04-22日处理结束
2015-04-22 21:00:27    2015-04-22日处理，从track_z66_2_Form_26开始
2015-04-22 21:00:31    2015-04-22track_BX2Form_34，完成
2015-04-22 21:00:34    2015-04-22track_z67_2_Form_34，完成
2015-04-22 21:00:34    2015-04-22日处理结束
2015-04-22 21:00:52    2015-04-22日处理，从track_z66_2_Form_26开始
2015-04-22 21:00:55    2015-04-22track_BX2Form_34，完成
2015-04-22 21:00:56    2015-04-22track_z67_2_Form_34，完成
2015-04-22 21:00:56    2015-04-22日处理结束
2015-04-22 21:01:14    2015-04-22日处理，从track_z66_2_Form_26开始
2015-04-22 21:01:18    2015-04-22track_BX2Form_34，完成
2015-04-22 21:01:18    2015-04-22track_z67_2_Form_34，完成
2015-04-22 21:01:18    2015-04-22日处理结束
2015-04-22 21:02:32    2015-04-22日处理，从track_z66_2_Form_26开始
2015-04-22 21:02:36    2015-04-22track_BX2Form_34，完成
2015-04-22 21:02:42    2015-04-22track_z67_2_Form_34，完成
2015-04-22 21:02:42    2015-04-22日处理结束
2015-04-22 21:03:00    2015-04-22日处理，从track_z66_2_Form_26开始
2015-04-22 21:03:04    2015-04-22track_BX2Form_34，完成
2015-04-22 21:03:04    2015-04-22track_z67_2_Form_34，完成
2015-04-22 21:03:09    2015-04-22日处理结束
2015-04-22 21:03:47    2015-04-22日处理，从track_z66_2_Form_26开始
2015-04-22 21:03:49    2015-04-22track_BX2Form_34，完成
2015-04-22 21:03:50    2015-04-22track_z67_2_Form_34，完成
2015-04-22 21:03:53    2015-04-22日处理结束
2015-04-22 21:04:01    2015-04-22日处理，从track_z66_2_Form_26开始
2015-04-22 21:04:04    2015-04-22track_BX2Form_34，完成
2015-04-22 21:04:04    2015-04-22track_z67_2_Form_34，完成
2015-04-22 21:04:17    2015-04-22日处理结束
2015-04-22 21:04:21    2015-04-22日处理，从track_z66_2_Form_26开始
2015-04-22 21:04:24    2015-04-22track_BX2Form_34，完成
2015-04-22 21:04:24    2015-04-22track_z67_2_Form_34，完成
2015-04-22 21:05:18    2015-04-22日处理，从track_z66_2_Form_26开始
2015-04-22 21:05:21    2015-04-22track_BX2Form_34，完成
2015-04-22 21:05:45    2015-04-22日处理结束
2015-04-22 21:05:51    2015-04-22track_z67_2_Form_34，完成
2015-04-22 21:05:53    2015-04-22日处理结束
2015-04-22 21:06:01    2015-04-22日处理，从track_z66_2_Form_26开始
2015-04-22 21:06:04    2015-04-22track_BX2Form_34，完成
2015-04-22 21:06:05    2015-04-22track_z67_2_Form_34，完成
2015-04-22 21:06:05    2015-04-22日处理结束
2015-04-22 21:06:59    2015-04-22日处理，从track_z66_2_Form_26开始
2015-04-22 21:07:02    2015-04-22track_BX2Form_34，完成
2015-04-22 21:09:47    2015-04-22日处理，从track_z66_2_Form_26开始
2015-04-22 21:09:50    2015-04-22track_BX2Form_34，完成
2015-04-22 21:13:24    2015-04-22日处理，从track_z66_2_Form_26开始
2015-04-22 21:13:27    2015-04-22track_BX2Form_34，完成
2015-04-22 21:13:33    2015-04-22track_z67_2_Form_34，完成
2015-04-22 21:13:33    2015-04-22日处理结束
2015-04-22 21:28:26    2015-04-22track_z67_2_Form_34，完成
2015-04-22 21:28:26    2015-04-22日处理结束
2015-04-22 21:28:30    2015-04-22track_z67_2_Form_34，完成
2015-04-22 21:28:30    2015-04-22日处理结束
2015-04-27 14:18:50    2015-04-27日处理，从track_z66_2_Form_26开始
2015-04-27 14:18:52    2015-04-27track_BX2Form_34，完成
2015-04-27 14:18:52    2015-04-27track_z67_2_Form_34，完成
2015-04-27 14:18:52    2015-04-27日处理结束
2015-04-27 14:31:51    2015-04-27日处理，从track_z66_2_Form_26开始
2015-04-27 14:31:53    2015-04-27track_BX2Form_34，完成
2015-04-27 14:31:53    2015-04-27track_z67_2_Form_34，完成
2015-04-27 14:31:53    2015-04-27日处理结束
2015-04-27 22:49:21    2015-04-27日处理，从track_z66_2_Form_26开始
2015-04-27 22:49:46    2015-04-27track_BX2Form_34，完成
2015-04-27 22:49:48    2015-04-27track_z67_2_Form_34，完成
2015-04-27 22:49:48    2015-04-27日处理结束
2015-04-27 22:51:07    2015-04-27日处理，从track_z66_2_Form_26开始
2015-04-27 23:09:50    2015-04-27track_BX2Form_34，完成
2015-04-27 23:09:50    2015-04-27track_z67_2_Form_34，完成
2015-04-27 23:09:50    2015-04-27日处理结束
2015-04-27 23:09:56    2015-04-27日处理，从track_z66_2_Form_26开始
2015-04-27 23:14:45    2015-04-27track_BX2Form_34，完成
2015-04-27 23:14:45    2015-04-27track_z67_2_Form_34，完成
2015-04-27 23:14:45    2015-04-27日处理结束
2015-04-27 23:27:31    2015-04-27日处理，从track_z66_2_Form_26开始
2015-04-27 23:34:13    2015-04-27track_BX2Form_34，完成
2015-04-27 23:34:13    2015-04-27track_z67_2_Form_34，完成
2015-04-27 23:34:13    2015-04-27日处理结束
2015-04-27 23:38:35    2015-04-27日处理，从track_z66_2_Form_26开始
2015-04-27 23:40:35    2015-04-27track_BX2Form_34，完成
2015-04-27 23:40:35    2015-04-27track_z67_2_Form_34，完成
2015-04-27 23:40:35    2015-04-27日处理结束
2015-04-27 23:47:28    2015-04-27日处理，从track_z66_2_Form_26开始
2015-04-27 23:47:37    2015-04-27track_BX2Form_34，完成
2015-04-27 23:47:37    2015-04-27track_z67_2_Form_34，完成
2015-04-27 23:47:37    2015-04-27日处理结束
2015-04-27 23:48:10    2015-04-27日处理，从track_z66_2_Form_26开始
2015-04-27 23:51:10    2015-04-27track_BX2Form_34，完成
2015-04-27 23:51:10    2015-04-27track_z67_2_Form_34，完成
2015-04-27 23:51:10    2015-04-27日处理结束
2015-04-27 23:51:27    2015-04-27日处理，从track_z66_2_Form_26开始
2015-04-27 23:51:37    2015-04-27track_BX2Form_34，完成
2015-04-27 23:51:37    2015-04-27track_z67_2_Form_34，完成
2015-04-27 23:51:37    2015-04-27日处理结束
2015-04-27 23:53:24    2015-04-27日处理，从track_z66_2_Form_26开始
2015-04-27 23:53:30    2015-04-27track_BX2Form_34，完成
2015-04-27 23:53:30    2015-04-27track_z67_2_Form_34，完成
2015-04-27 23:53:30    2015-04-27日处理结束
2015-05-06 17:37:32    2015-05-06日处理，从track_z66_2_Form_26开始
2015-05-06 17:43:09    2015-05-06日处理，从track_z66_2_Form_26开始
2015-05-06 17:57:13    2015-05-06track_BX2Form_34，完成
2015-05-06 17:57:15    2015-05-06track_z67_2_Form_34，完成
2015-05-06 17:57:15    2015-05-06日处理结束
2015-07-31 19:35:36    2015-07-31日处理，从track_z66_2_Form_26开始
2015-07-31 19:35:50    2015-07-31日处理报错:null
2015-07-31 19:36:39    2015-07-31日处理，从track_z66_2_Form_26开始
2015-07-31 19:36:54    2015-07-31日处理报错:null
2015-07-31 19:37:10    2015-07-31日处理，从track_z66_2_Form_26开始
2015-07-31 19:37:11    2015-07-31日处理报错:null
2015-07-31 19:37:16    2015-07-31日处理，从track_z66_2_Form_26开始
2015-07-31 19:52:47    2015-07-31日处理，从track_z66_2_Form_26开始
2015-07-31 19:58:20    2015-07-31日处理，从track_z66_2_Form_26开始
2015-07-31 19:58:21    2015-07-31日处理报错:null
2015-07-31 19:58:38    2015-07-31日处理，从track_z66_2_Form_26开始
2015-07-31 20:00:28    2015-07-31日处理，从track_z66_2_Form_26开始
2015-07-31 20:02:00    2015-07-31日处理，从track_z66_2_Form_26开始
2015-07-31 20:05:17    2015-07-31日处理，从track_z66_2_Form_26开始
2015-07-31 20:06:40    2015-07-31日处理报错:no more
2015-07-31 20:14:45    2015-07-31日处理，从track_z66_2_Form_26开始
2015-07-31 20:16:48    2015-07-31日处理，从track_z66_2_Form_26开始
2015-07-31 20:17:37    2015-07-31日处理，从track_z66_2_Form_26开始
2015-07-31 20:23:06    2015-07-31日处理，从track_z66_2_Form_26开始
2015-07-31 20:26:03    2015-07-31日处理报错:null
2015-08-01 10:57:15    2015-08-01日处理，从track_z66_2_Form_26开始
2015-08-01 10:57:27    2015-08-01日处理报错:null
2015-08-01 10:57:38    2015-08-01日处理，从track_z66_2_Form_26开始
2015-08-01 11:00:19    2015-08-01日处理报错:can't serialize class java.math.BigDecimal
2015-08-01 11:02:58    2015-08-01日处理，从track_z66_2_Form_26开始
2015-08-01 11:03:01    2015-08-01日处理报错:can't serialize class java.math.BigDecimal
2015-08-01 11:03:50    2015-08-01日处理，从track_z66_2_Form_26开始
2015-08-01 11:03:54    2015-08-01日处理报错:can't serialize class java.math.BigDecimal
2015-08-01 11:04:07    2015-08-01日处理，从track_z66_2_Form_26开始
2015-08-01 11:07:12    2015-08-01日处理，从track_z66_2_Form_26开始
2015-08-01 11:08:00    2015-08-01日处理，从track_z66_2_Form_26开始
2015-08-01 11:10:59    2015-08-01日处理，从track_z66_2_Form_26开始
2015-08-01 11:13:41    2015-08-01日处理，从track_z66_2_Form_26开始
